[    0.000000] Initializing cgroup subsys cpuset
[    0.000000] Initializing cgroup subsys cpu
[    0.000000] Initializing cgroup subsys cpuacct
[   0.000000] Linux version 4.4.0-138-generic (buildd@lcy01-amd64-006) (gcc version 5.4.0 20160609 (Ubuntu 5.4.0-6ubuntu1~16.04.10) ) #164-Ubuntu SMP Tue Oct 2 17:16:02 UTC 2018 (Ubuntu 4.4.0-138.164-generic 4.4.155)
[    0.000000] Command line: BOOT_IMAGE=/boot/vmlinuz-4.4.0-138-generic root=LABEL=cloudimg-rootfs ro console=tty1 console=ttyS0
[    0.000000] KERNEL supported cpus:
[    0.000000]   Intel GenuineIntel
[    0.000000]   AMD AuthenticAMD
[    0.000000]   Centaur CentaurHauls
[    0.000000] ------------[ cut here ]------------
[    0.000000] WARNING: CPU: 0 PID: 0 at /build/linux-zdslHp/linux-4.4.0/arch/x86/kernel/fpu/xstate.c:517 fpu__init_system_xstate+0x37e/0x764()
[    0.000000] XSAVE consistency problem, dumping leaves
[    0.000000] Modules linked in:
[    0.000000] CPU: 0 PID: 0 Comm: swapper Not tainted 4.4.0-138-generic #164-Ubuntu
[    0.000000]  0000000000000086 f0f4cdc901fc1c47 ffffffff81e03d70 ffffffff81404fe3
[    0.000000]  ffffffff81e03db8 ffffffff81cad6b0 ffffffff81e03da8 ffffffff81085082
[    0.000000]  0000000000000008 0000000000000340 0000000000000100 ffffffff81e03e3c
[    0.000000] Call Trace:
[    0.000000]  [<ffffffff81404fe3>] dump_stack+0x63/0x90
[    0.000000]  [<ffffffff81085082>] warn_slowpath_common+0x82/0xc0
[    0.000000]  [<ffffffff8108511c>] warn_slowpath_fmt+0x5c/0x80
[    0.000000]  [<ffffffff81080be4>] ? xfeature_size+0x59/0x77
[    0.000000]  [<ffffffff81f731e3>] fpu__init_system_xstate+0x37e/0x764
[    0.000000]  [<ffffffff81f63120>] ? early_idt_handler_array+0x120/0x120
[    0.000000]  [<ffffffff81f72bec>] fpu__init_system+0x1e7/0x28e
[    0.000000]  [<ffffffff81f73db1>] early_cpu_init+0x1fb/0x201
[    0.000000]  [<ffffffff81f73db1>] ? early_cpu_init+0x1fb/0x201
[    0.000000]  [<ffffffff81f6f19b>] setup_arch+0xc0/0xd1f
[    0.000000]  [<ffffffff81f63120>] ? early_idt_handler_array+0x120/0x120
[    0.000000]  [<ffffffff81f63c75>] start_kernel+0xe2/0x4a4
[    0.000000]  [<ffffffff81f63120>] ? early_idt_handler_array+0x120/0x120
[    0.000000]  [<ffffffff81f63339>] x86_64_start_reservations+0x2a/0x2c
[    0.000000]  [<ffffffff81f63485>] x86_64_start_kernel+0x14a/0x16d
[    0.000000] ---[ end trace 4d5ff9f2f68c4233 ]---
[   0.000000] CPUID[0d, 00]: eax=00000007 ebx=00000440 ecx=00000440 edx=00000000
[    0.000000] CPUID[0d, 01]: eax=00000000 ebx=000003c0 ecx=00000000 edx=00000000
[    0.000000] CPUID[0d, 02]: eax=00000100 ebx=00000240 ecx=00000000 edx=00000000
[    0.000000] CPUID[0d, 03]: eax=00000000 ebx=00000000 ecx=00000000 edx=00000000
[    0.000000] CPUID[0d, 04]: eax=00000000 ebx=00000000 ecx=00000000 edx=00000000
[    0.000000] CPUID[0d, 05]: eax=00000000 ebx=00000000 ecx=00000000 edx=00000000
[    0.000000] CPUID[0d, 06]: eax=00000000 ebx=00000000 ecx=00000000 edx=00000000
[    0.000000] CPUID[0d, 07]: eax=00000000 ebx=00000000 ecx=00000000 edx=00000000
[    0.000000] CPUID[0d, 08]: eax=00000000 ebx=00000000 ecx=00000000 edx=00000000
[    0.000000] CPUID[0d, 09]: eax=00000000 ebx=00000000 ecx=00000000 edx=00000000
[    0.000000] CPUID[0d, 0a]: eax=00000000 ebx=00000000 ecx=00000000 edx=00000000
[    0.000000] CPUID[0d, 0b]: eax=00000000 ebx=00000000 ecx=00000000 edx=00000000
[    0.000000] CPUID[0d, 0c]: eax=00000000 ebx=00000000 ecx=00000000 edx=00000000
[    0.000000] CPUID[0d, 0d]: eax=00000000 ebx=00000000 ecx=00000000 edx=00000000
[    0.000000] CPUID[0d, 0e]: eax=00000000 ebx=00000000 ecx=00000000 edx=00000000
[    0.000000] CPUID[0d, 0f]: eax=00000000 ebx=00000000 ecx=00000000 edx=00000000
[    0.000000] CPUID[0d, 10]: eax=00000000 ebx=00000000 ecx=00000000 edx=00000000
[    0.000000] CPUID[0d, 11]: eax=00000000 ebx=00000000 ecx=00000000 edx=00000000
[    0.000000] x86/fpu: xstate_offset[2]:  576, xstate_sizes[2]:  256
[    0.000000] x86/fpu: Supporting XSAVE feature 0x01: 'x87 floating point registers'
[    0.000000] x86/fpu: Supporting XSAVE feature 0x02: 'SSE registers'
[    0.000000] x86/fpu: Supporting XSAVE feature 0x04: 'AVX registers'
[    0.000000] x86/fpu: Enabled xstate features 0x7, context size is 1088 bytes, using 'standard' format.
[    0.000000] e820: BIOS-provided physical RAM map:
[    0.000000] BIOS-e820: [mem 0x0000000000000000-0x000000000009fbff] usable
[    0.000000] BIOS-e820: [mem 0x000000000009fc00-0x000000000009ffff] reserved
[    0.000000] BIOS-e820: [mem 0x00000000000f0000-0x00000000000fffff] reserved
[    0.000000] BIOS-e820: [mem 0x0000000000100000-0x00000000dffeffff] usable
[    0.000000] BIOS-e820: [mem 0x00000000dfff0000-0x00000000dfffffff] ACPI data
[    0.000000] BIOS-e820: [mem 0x00000000fec00000-0x00000000fec00fff] reserved
[    0.000000] BIOS-e820: [mem 0x00000000fee00000-0x00000000fee00fff] reserved
[    0.000000] BIOS-e820: [mem 0x00000000fffc0000-0x00000000ffffffff] reserved
[    0.000000] BIOS-e820: [mem 0x0000000100000000-0x000000019fffffff] usable
[    0.000000] NX (Execute Disable) protection: active
[    0.000000] SMBIOS 2.5 present.
[    0.000000] Hypervisor detected: KVM
[    0.000000] e820: last_pfn = 0x1a0000 max_arch_pfn = 0x400000000
[    0.000000] MTRR: Disabled
[    0.000000] x86/PAT: MTRRs disabled, skipping PAT initialization too.
[    0.00000] CPU MTRRs all blank - virtualized system.
[    0.000000] x86/PAT: Configuration [0-7]: WB  WT  UC- UC  WB  WT  UC- UC  
[    0.000000] e820: last_pfn = 0xdfff0 max_arch_pfn = 0x400000000
[    0.000000] found SMP MP-table at [mem 0x0009fff0-0x0009ffff] mapped at [ffff88000009fff0]
[    0.000000] Scanning 1 areas for low memory corruption
[    0.000000] RAMDISK: [mem 0x3630c000-0x3717dfff]
[    0.000000] ACPI: Early table checksum verification disabled
[    0.000000] ACPI: RSDP 0x00000000000E0000 000024 (v02 VBOX  )
[    0.000000] ACPI: XSDT 0x00000000DFFF0030 00003C (v01 VBOX   VBOXXSDT 00000001 ASL  00000061)
[    0.000000] ACPI: FACP 0x00000000DFFF00F0 0000F4 (v04 BO   VBOXFACP 00000001 ASL  00000061)
[    0.000000] ACPI: DSDT 0x00000000DFFF0470 0021FF (v02 VBOX   VBOXBIOS 00000002 INTL 20160108)
[    0.000000] ACPI: FACS 0x00000000DFFF0200 000040
[    0.000000] ACPI: FACS 0x00000000DFFF0200 000040
[    0.000000] ACPI: APIC 0x00000000DFFF0240 00005C (v02 VBOX   VBOXAPIC 00000001 ASL  00000061)
[    0.000000] ACPI: SSDT 0x00000000DFFF02A0 0001CC (v01 VBOX   VBOXCPUT 00000002 INTL 20160108)
[    0.000000] No NUMA configuration found
[    0.000000] Faking a node at [mem 0x0000000000000000-0x000000019fffffff]
[    0.000000] NODE_DATA(0) allocated [mem 0x19fff7000-0x19fffbfff]
[    0.000000] kvm-clock: Using msrs 4b564d01 and 4b564d00
[    0.000000] kvm-clock: cpu 0, msr 1:9ffef001, primary cpu clock
[    0.000000] kvm-clock: using sched offset of 3128142506 cycles
[    0.000000] clocksource: kvm-clock: mask: 0xffffffffffffffff max_cycles: 0x1cd42e4dffb, max_idle_ns: 881590591483 ns
[    0.000000] Zone ranges:
[    0.000000]   DMA      [mem 0x0000000000001000-0x0000000000ffffff]
[    0.000000]   DMA32    [mem 0x0000000001000000-0x00000000ffffffff]
[    0.000000]   Normal   [mem 0x0000000100000000-0x000000019fffffff]
[    0.000000]   Device   empty
[    0.000000] Movable zone start for each node
[    0.000000] Early memory node ranges
[    0.000000]   node   0: [mem 0x0000000000001000-0x000000000009efff]
[    0.000000]   node   0: [mem 0x0000000000100000-0x00000000dffeffff]
[    0.000000]   node   0: [mem 0x0000000100000000-0x000000019fffffff]
[    0.000000] Initmem setup node 0 [mem 0x0000000000001000-0x000000019fffffff]
[    0.000000] ACPI: PM-Timer IO Port: 0x4008
[    0.000000] IOAPIC[0]: apic_id 2, version 32, address 0xfec00000, GSI 0-23
[    0.000000] ACPI: INT_SRC_OVR (bus 0 bus_irq 0 global_irq 2 dfl dfl)
[    0.000000] ACPI: INT_SRC_OVR (bus 0 bus_irq 9 global_irq 9 high level)
[    0.000000] Using ACPI (MADT) for SMP configuration information
[    0.000000] smpboot: Allowing 2 CPUs, 0 hotplug CPUs
[    0.000000] PM: Registered nosave memory: [mem 0x00000000-0x00000fff]
[    0.000000] PM: Registered nosave memory: [mem 0x0009f000-0x0009ffff]
[    0.000000] PM: Registered nosave memory: [mem 0x000a0000-0x000effff]
[    0.000000] PM: Registered nosave memory: [mem 0x000f0000-0x000fffff]
[    0.000000] PM: Registered nosave memory: [mem 0xdfff0000-0xdfffffff]
[    0.000000] PM: Registered nosave memory: [mem 0xe0000000-0xfebfffff]
[    0.000000] PM: Registered nosave memory: [mem 0xfec00000-0xfec00fff]
[    0.000000] PM: Registered nosave memory: [mem 0xfec01000-0xfedfffff]
[    0.000000] PM: Registered nosave memory: [mem 0xfee00000-0xfee00fff]
[    0.000000] PM: Registered nosave memory: [mem 0xfee01000-0xfffbffff]
[    0.000000] PM: Registered nosave memory: [mem 0xfffc0000-0xffffffff]
[    0.000000] e820: [mem 0xe0000000-0xfebfffff] available for PCI devices
[    0.000000] Booting paravirtualized kernel on KVM
[    0.000000] clocksource: refined-jiffies: mask: 0xffffffff max_cycles: 0xffffffff, max_idle_ns: 7645519600211568 ns
[    0.000000] setup_percpu: NR_CPUS:512 nr_cpumask_bits:512 nr_cpu_ids:2 nr_node_ids:1
[    0.000000] PERCPU: Embedded 34 pages/cpu @ffff88019fc00000 s99608 r8192 d31464 u1048576
[    0.000000] PV qspinlock hash table entries: 256 (order: 0, 4096 bytes)
[    0.000000] Built 1 zonelists in Node order, mobility grouping on.  Total pages: 1548152
[    0.000000] Policy zone: Normal
[    0.000000] Kernel command line: BOOT_IMAGE=/boot/vmlinuz-4.4.0-138-generic root=LABEL=cloudimg-rootfs ro console=tty1 console=ttyS0
[    0.000000] PID hash table entries: 4096 (order: 3, 32768 bytes)
[    0.000000] Memory: 6092608K/6291000K available (8563K kernel code, 1314K rwdata, 4004K rodata, 1528K init, 1316K bss, 198392K reserved, 0K cma-reserved)
[    0.000000] SLUB: HWalign=64, Order=0-3, MinObjects=0, CPUs=2, Nodes=1
[    0.000000] Kernel/User page tables isolation: enabled
[    0.000000] Hierarchical RCU implementation.
[    0.000000] 	Build-time adjustment of leaf fanout to 64.
[    0.000000] 	RCU restrictingCPUs from NR_CPUS=512 to nr_cpu_ids=2.
[    0.000000] RCU: Adjusting geometry for rcu_fanout_leaf=64, nr_cpu_ids=2
[    0.000000] NR_IRQS:33024 nr_irqs:440 16
[    0.000000] Console: colour VGA+ 80x25
[    0.000000] console [tty1] enabled
[    0.000000] console [ttyS0] enabled
[    0.000000] tsc: Detected 3000.000 MHz processor
[   19.557842] Calibrating delay loop (skipped) preset value.. 6000.00 BogoMIPS (lpj=12000000)
[   19.804159] pid_max: default: 32768 minimum: 301
[   19.942258] ACPI: Core revision 20150930
[   20.062827] ACPI: 2 ACPI AML tables successfully acquired and loaded
[   20.232537] Security Framework initialized
[   20.328496] Yama: becoming mindful.
[   20.431828] AppArmor: AppArmor initialized
[   20.560218] Dentry cache hash table entries: 1048576 (order: 11, 8388608 bytes)
[   20.775797] Inode-cache hash table entries: 524288 (order: 10, 4194304 bytes)
[   20.989607] Mount-cache hash table entries: 16384 (order: 5, 131072 bytes)
[   21.196247] Mountpoint-cache hash table entries: 16384 (order: 5, 131072 bytes)
[   21.293848] Initializing cgroup subsys io
[   21.294490] Initializing cgroup subsys memory
[   21.295170] Initializing cgroup subsys devices
[   21.407356] Initializing cgroup subsys freezer
[   21.547642] Initializing cgroup subsys net_cls
[   21.676224] Initializing cgroup subsys perf_event
[   21.814151] Initializing cgroup subsys net_prio
[   21.948282] Initializing cgroup subsys hugetlb
[   22.078273] Initializing cgroup subsys pids
[   22.201432] mce: CPU supports 0 MCE banks
[   22.319323] Last level iTLB entries: 4KB 128, 2MB 8, 4MB 8
[   22.442534] Last level dTLB entries: 4KB 64, 2MB 0, 4MB 0, 1GB 4
[   22.623601] Spectre V2 : Mitigation: Full generic retpoline
[   22.787460] Spectre V2 : Spectre v2 mitigation: Speculation control IBPB not-supported IBRS not-supported
[   23.062007] Spectre V2 : Spectre v2 / SpectreRSB mitigation: Filling RSB on context switch
[   23.315317] Speculative Store Bypass: Vulnerable
[   23.430238] Freeing SMP alternatives memory: 32K
[   23.440145] ftrace: allocating 32278 entries in 127 pages
[   23.643472] smpboot: APIC(0) Converting physical 0 to logical package 0
[   23.839006] smpboot: Max logical packages: 1
[   23.967683] x2apic enabled
[   23.977067] Switched APIC routing to physical x2apic.
[   23.978722] ..TIMER: vector=0x30 apic1=0 pin1=2 apic2=-1 pin2=-1
[   24.087395] smpboot: CPU0: Intel(R) Core(TM) i5-7400 CPU @ 3.00GHz (family: 0x6, model: 0x9e, stepping: 0x9)
[   24.370483] Performance Events: unsupported p6 CPU model 158 no PMU driver, software events only.
[   24.604495] KVM setup paravirtual spinlock
[   24.634058] x86: Booting SMP configuration:
[   24.634694] .... node  #0, CPUs:      #1
[   24.635448] kvm-clock: cpu 1, msr 1:9ffef041, secondary cpu clock
[   24.637023] mce: CPU supports 0 MCE banks
[   24.639376] x86: Booted up 1 node, 2 CPUs
[   24.640163] smpboot: Total of 2 processors activated (12000.00 BogoMIPS)
[   24.641404] devtmpfs: initialized
[   24.643897] evm: security.selinux
[   24.644436] evm: security.SMACK64
[   24.644969] evm: security.SMACK64EXEC
[   24.645535] evm: security.SMACK64TRANSMUTE
[   24.646145] evm: security.SMACK64MMAP
[   24.646711] evm: security.ima
[   24.647244] evm: security.capability
[   24.647975] clocksource: jiffies: mask: 0xffffffff max_cycles: 0xffffffff, max_idle_ns: 7645041785100000 ns
[   24.649314] futex hash table entries: 512 (order: 3, 32768 bytes)
[   24.650236] pinctrl core: initialized pinctrl subsystem
[   24.651074] RTC time: 11:13:43, date: 12/01/18
[   24.651866] NET: Registered protocol family 16
[   24.663673] cpuidle: using governor ladder
[   24.791536] cpuidle: using governor menu
[   24.910612] PCCT header not found.
[   25.011559] ACPI: bus type PCI registered
[   25.124634] acpiphp: ACPI Hot Plug PCI Controller Driver version: 0.5
[   25.315862] PCI: Using configuration type 1 for base access
[   25.496629] ACPI: Added _OSI(Module Device)
[   25.602720] ACPI: Added _OSI(Processor Device)
[   25.736778] ACPI: Added _OSI(3.0 _SCP Extensions)
[   25.875938] ACPI: Added _OSI(Processor Aggregator Device)
[   26.040328] ACPI: Executed 1 blocks of module-level executable AML code
[   26.236484] ACPI: Interpreter enabled
[   26.346400] ACPI: (supports S0 S5)
[   26.448590] ACPI: Using IOAPIC for interrupt routing
[   26.589047] PCI: Using host bridge windows from ACPI; if necessary, use "pci=nocrs" and report a bug
[   26.617611] ACPI: PCI Root Bridge [PCI0] (domain 0000 [bus 00-ff])
[   26.801755] acpi PNP0A03:00: _OSC: OS supports [ASPM ClockPM Segments MSI]
[   27.009798] acpi PNP0A03:00: _OSC: not requesting OS control; OS requires [ExtendedConfig ASPM ClockPM MSI]
[   27.301295] acpi PNP0A03:00: fail to add MMCONFIG information, can't access extended PCI configuration space under this bridge.
[   27.629137] PCI host bridge to bus 0000:00
[   27.670463] pci_bus 0000:00: root bus resource [io  0x0000-0x0cf7 window]
[   27.671375] pci_bus 0000:00: root bus resource [io  0x0d00-0xffff window]
[   27.672305] pci_bus 0000:00: root bus resource [mem 0x000a0000-0x000bffff window]
[   27.673408] pci_bus 0000:00: root bus resource [mem 0xe0000000-0xffdfffff window]
[   27.674510] pci_bus 0000:00: root bus resource [bus 00-ff]
[   27.676470] pci 0000:00:01.1: legacy IDE quirk: reg 0x10: [io  0x01f0-0x01f7]
[   27.677379] pci 0000:00:01.1: legacy IDE quirk: reg 0x14: [io  0x03f6]
[   27.678229] pci 0000:00:01.1: legacy IDE quirk: reg 0x18: [io  0x0170-0x0177]
[   27.679253] pci 0000:00:01.1: legacy IDE quirk: reg 0x1c: [io  0x0376]
[   27.941169] pci 0000:00:07.0: quirk: [io  0x4000-0x403f] claimed by PIIX4 ACPI
[   28.157481] pci 0000:00:07.0: quirk: [io  0x4100-0x410f] claimed by PIIX4 SMB
[   28.364141] ACPI: PCI Interrupt Link [LNKA] (IRQs 5 9 10 *11)
[   28.520703] ACPI: PCI Interrupt Link [LNKB] (IRQs 5 9 10 *11)
[   28.672598] ACPI: PCI Interrupt Link [LNKC] (IRQs 5 9 *10 11)
[   28.730065] ACPI: PCI Interrupt Link [LNKD] (IRQs 5 *9 10 11)
[   28.731284] ACPI: Enabled 2 GPEs in block 00 to 07
[   28.732394] vgaarb: setting as boot device: PCI:0000:00:02.0
[   28.733165] vgaarb: device added: PCI:0000:00:02.0,decodes=io+mem,owns=io+mem,locks=none
[   28.737417] vgaarb: loaded
[   28.785578] vgaarb: bridge control possible 0000:00:02.0
[   28.955515] SCSI subsystem initialized
[   29.068121] ACPI: bus type USB registered
[   29.185073] usbcore: registered new interface driver usbfs
[   29.351076] usbcore: registered new interface driver hub
[   29.506858] usbcore: registered new device driver usb
[   29.655877] PCI: Using ACPI for IRQ routing
[   29.771003] NetLabel: Initializing
[   29.786955] NetLabel:  domain hash size = 128
[   29.787596] NetLabel:  protocols = UNLABELED CIPSOv4
[   29.788305] NetLabel:  unlabeled traffic allowed by default
[   29.789311] amd_nb: Cannot enumerate AMD northbridges
[   29.790085] clocksource: Switched to clocksource kvm-clock
[   29.796514] AppArmor: AppArmor Filesystem Enabled
[   29.932105] pnp: PnP ACPI init
[   30.025871] pnp: PnP ACPI: found 3 devices
[   30.155733] clocksource: acpi_pm: mask: 0xffffff max_cycles: 0xffffff, max_idle_ns: 2085701024 ns
[   30.423610] NET: Registered protocol family 2
[   30.554407] TCP established hash table entries: 65536 (order: 7, 524288 bytes)
[   30.776284] TCP bind hash table entries: 65536 (order: 8, 1048576 bytes)
[   30.963390] TCP: Hash tables configured (established 65536 bind 65536)
[   31.161642] UDP hash table entries: 4096 (order: 5, 131072 bytes)
[   31.343322] UDP-Lite hash table entries: 4096 (order: 5, 131072 bytes)
[   31.543657] NET: Registered protocol family 1
[   31.671764] pci 0000:00:00.0: Limiting direct PCI/PCI transfers
[   31.849171] pci 0000:00:01.0: Activating ISA DMA hang workarounds
[   31.905976] Unpacking initramfs...
[   32.079762] Freeing initrd memoyy: 14792K
[   32.477039] PCI-DMA: Using software bounce buffering for IO (SWIOTLB)
[   32.477913] software IO TLB [mem 0xdbff0000-0xdfff0000] (64MB) mapped at [ffff8800dbff0000-ffff8800dffeffff]
[   32.479412] platform rtc_cmos: registered platform RTC device (no PNP device found)
[   32.481747] Scanning for low memory corruption every 60 seconds
[   32.483631] audit: initializing netlink subsys (disabled)
[   32.484403] audit: type=2000 audit(1543662807.550:1): initialized
[   32.485432] Initialise system trusted keyring
[   32.486356] HugeTLB registered 2 MB page size, pre-allocated 0 pages
[   32.488327] zbud: loaded
[   32.489145] VFS: Disk quotas dquot_6.6.0
[   32.489775] VFS: Dquot-cache hash table entries: 512 (order 0, 4096 bytes)
[   32.490891] squashfs: version 4.0 (2009/01/31) Phillip Lougher
[   32.491928] fuse init (API version 7.23)
[   32.492684] Key type big_key registered
[   32.493283] Allocating IMA MOK and blacklist keyrings.
[   32.495458] Key type asymmetric registered
[   32.604238] Asymmetric key parser 'x509' registered
[   32.747742] Block layer SCSI generic (bsg) driver version 0.4 loaded (major 249)
[   32.957031] io scheduler noop registered
[   33.061418] io scheduler deadline registered (default)
[   33.213091] io scheduler cfq registered
[   33.325822] pci_hotplug: PCI Hot Plug PCI Core version: 0.5
[   33.492722] tsc: Refined TSC clocksource calibration: 2999.953 MHz
[   33.681666] clocksource: tsc: mask: 0xffffffffffffffff max_cycles: 0x2b3e18de849, max_idle_ns: 440795238827 ns
[   33.681730] pciehp: PCI Express Hot Plug Controller Driver version: 0.4
[   33.681837] ACPI: AC Adapter [AC] (on-line)
[   33.681877] input: Power Button as /devices/LNXSYSTM:00/LNXPWRBN:00/input/input0
[   33.681880] ACPI: Power Button [PWRF]
[   33.681928] input: Sleep Button as /devices/LNXSYSTM:00/LNXSLPBN:00/input/input1
[   33.681929] ACPI: Sleep Button [SLPF]
[   33.682055] GHES: HEST is not enabled!
[   33.682130] Serial: 8250/16550 driver, 32 ports, IRQ sharing enabled
[   34.006998] 00:02: ttyS0 at I/O 0x3f8 (irq = 4, base_baud = 115200) is a 16550A
[   34.019365] Linux agpgart interface v0.103
[   34.021894] loop: module loaded
[   34.022368] scsi host0: ata_piix
[   34.022415] scsi host1: ata_piix
[   34.022440] ata1: PATA max UDMA/33 cmd 0x1f0 ctl 0x3f6 bmdma 0xd000 irq 14
[   34.022441] ata2: PATA max UDMA/33 cmd 0x170 ctl 0x376 bmdma 0xd008 irq 15
[   34.022496] libphy: Fixed MDIO Bus: probed
[   34.022498] tun: Universal TUN/TAP device driver, 1.6
[   34.022499] tun: (C) 1999-2004 Max Krasnyansky <maxk@qualcomm.com>
[   34.022724] PPP generic driver version 2.4.2
[   34.022765] ehci_hcd: USB 2.0 'Enhanced' Host Controller (EHCI) Driver
[   34.022768] ehci-pci: EHCI PCI platform driver
[   34.022778] ehci-platform: EHCI generic platform driver
[   34.022784] ohci_hcd: USB 1.1 'Open' Host Controller (OHCI) Driver
[   34.022788] ohci-pci: OHCI PCI platform driver
[   34.022795] ohci-platform: OHCI generic platform driver
[   34.022801] uhci_hcd: USB Universal Host Controller Interface driver
[   34.022843] i8042: PNP: PS/2 Controller [PNP0303:PS2K,PNP0f03:PS2M] at 0x60,0x64 irq 1,12
[   34.023758] serio: i8042 KBD port at 0x60,0x64 irq 1
[   34.023761] serio: i8042 AUX port at 0x60,0x64 irq 12
[   34.023851] mousedev: PS/2 mouse device common for all mice
[   34.024079] rtc_cmos rtc_cmos: rtc core: registered rtc_cmos as rtc0
[   34.024126] rtc_cmos rtc_cmos: alarms up to one day, 114 bytes nvram
[   34.024131] i2c /dev entries driver
[   34.024173] device-mapper: uevent: version 1.0.3
[   34.024214] device-mapper: ioctl: 4.34.0-ioctl (2015-10-28) initialised: dm-devel@redhat.com
[   34.024231] ledtrig-cpu: registered to indicate activity on CPUs
[   34.024457] NET: Registered protocol family 10
[   34.024585] NET: Registered protocol family 17
[   34.024596] Key type dns_resolver registered
[   34.024785] registered taskstats version 1
[   34.024795] Loading compiled-in X.509 certificates
[   34.025276] Loaded X.509 cert 'Build time autogenerated kernel key: 9a104bc44b81e9426fe5c715e47d021d02d69eba'
[   34.025290] zswap: loaded using pool lzo/zbud
[   34.026966] Key type trusted registered
[   34.028932] Key type encrypted registered
[   34.028937] AppArmor: AppArmor sha1 policy hashing enabled
[   34.028939] ima: No TPM chip found, activating TPM-bypass!
[   34.028943] ima: Allocated hash algorithm: sha1
[   34.028954] evm: HMAC attrs: 0x1
[   34.029151]   Magic number: 14:444:225
[   34.475647] rtc_cmos rtc_cmos: setting system clock to 2018-12-01 11:13:53 UTC (1543662833)
[   34.475757] BIOS EDD facility v0.16 2004-Jun-25, 0 devices found
[   34.475758] EDD information not available.
[   35.078577] input: AT Translated Set 2 keyboard as /devices/platform/i8042/serio0/input/input2
[   37.938351] Freeing unused kernel memory: 1528K
[   37.950146] Write protecting the kernel read-only data: 14336k
[   37.951380] Freeing unused kernel memory: 1664K
[   37.952805] Freeing unused kernel memory: 92K
Loading, please wait...
starting version[   37.965204] random: systemd-udevd: uninitialized urandom read (16 bytes read, 9 bits of entropy available)
 229
[   37.965687] random: udevadm: uninitialized urandom read (16 bytes read, 9 bits of entropy available)
[   37.965701] random: udevadm: uninitialized urandom read (16 bytes read, 9 bits of entropy available)
[   37.971843] random: udevadm: uninitialized urandom read (16 bytes read, 9 bits of entropy available)
[   37.971877] random: udevadm: uninitialized urandom read (16 bytes read, 9 bits of entropy available)
[   37.971982] random: udevadm: uninitialized urandom read (16 bytes read, 9 bits of entropy available)
[   37.972020] random: udevadm: uninitialized urandom read (16 bytes read, 9 bits of entropy available)
[   37.972058] random: udevadm: uninitialized urandom read (16 bytes read, 9 bits of entropy available)
[   37.972096] random: udevadm: uninitialized urandom read (16 bytes read, 9 bits of entropy available)
[   37.972131] random: udevadm: uninitialized urandom read (16 bytes read, 9 bits of entropy available)
[   38.299311] e1000: Intel(R) PRO/1000 Network Driver - version 7.3.21-k8-NAPI
[   38.975221] e1000: Copyright (c) 1999-2006 Intel Corporation.
[   38.975292] Fusion MPT base driver 3.04.20
[   38.975293] Copyright (c) 1999-2008 LSI Corporation
[   40.302305] AVX version of gcm_enc/dec engaged.
[   40.715256] AES CTR mode by8 optimization enabled
[   41.176072] Fusion MPT SPI Host driver 3.04.20
[   41.176078] input: ImExPS/2 Generic Explorer Mouse as /devices/platform/i8042/serio1/input/input4
[   41.749475] e1000 0000:00:03.0 eth0: (PCI:33MHz:32-bit) 02:8f:0a:cd:38:b7
[   41.955384] e1000 0000:00:03.0 eth0: Intel(R) PRO/1000 Network Connection
[   42.162029] e1000 0000:00:03.0 enp0s3: renamed from eth0
[   42.317819] mptbase: ioc0: Initiating bringup
[   42.594365] ioc0: LSI53C1030 A0: Capabilities={Initiator}
[   43.285418] scsi host2: ioc0: LSI53C1030 A0, FwRev=00000000h, Ports=1, MaxQ=256, IRQ=20
[   44.115484] scsi 2:0:0:0: Direct-Access     VBOX     HARDDISK         1.0  PQ: 0 ANSI: 5
[   44.363264] scsi target2:0:0: Beginning Domain Validation
[   44.528008] scsi target2:0:0: Domain Validation skipping write tests
[   44.530950] scsi target2:0:0: Ending Domain Validation
[   44.531691] scsi target2:0:0: asynchronous
[   44.532565] scsi 2:0:1:0: Direct-Access     VBOX     HARDDISK         1.0  PQ: 0 ANSI: 5
[   44.533739] scsi target2:0:1: Beginning Domain Validation
[   44.534966] scsi target2:0:1: Domain Validation skipping write tests
[   44.535800] scsi target2:0:1: Ending Domain Validation
[   44.536577] scsi target2:0:1: asynchronous
[   44.540691] sd 2:0:0:0: Attached scsi generic sg0 type 0
[   44.542751] sd 2:0:0:0: [sda] 20971520 512-byte logical blocks: (10.7 GB/10.0 GiB)
[   44.542819] sd 2:0:1:0: Attached scsi generic sg1 type 0
[   44.542923] sd 2:0:1:0: [sdb] 20480 512-byte logical blocks: (10.5 MB/10.0 MiB)
[   44.542998] sd 2:0:1:0: [sdb] Write Protect is off
[   44.543049] sd 2:0:1:0: [sdb] Incomplete mode parameter data
[   44.543050] sd 2:0:1:0: [sdb] Assuming drive cache: write through
[   44.544265] sd 2:0:1:0: [sdb] Attached SCSI disk
[   45.062355] sd 2:0:0:0: [sda] Write Protect is off
[   45.063220] sd 2:0:0:0: [sda] Incomplete mode parameter data
[   45.063987] sd 2:0:0:0: [sda] Assuming drive cache: write through
[   45.065695]  sda: sda1
[   45.066585] sd 2:0:0:0: [sda] Attached SCSI disk
Begin: Loading e[   46.375893] md: linear personality registered for level -1
ssential drivers[   46.567078] md: multipath personality registered for level -4
 ... [   46.921158] md: raid0 personality registered for level 0
[   47.079843] md: raid1 personality registered for level 1
[   47.310857] raid6: sse2x1   gen() 10472 MB/s
[   47.618530] raid6: sse2x1   xor()  6972 MB/s
[   47.866980] raid6: sse2x2   gen() 12370 MB/s
[   48.388575] raid6: sse2x2   xor()  8646 MB/s
[   48.906588] raid6: sse2x4   gen() 14062 MB/s
[   49.150321] raid6: sse2x4   xor()  8995 MB/s
[   49.338941] raid6: using algorithm sse2x4 gen() 14062 MB/s
[   49.519074] raid6: .... xor() 8995 MB/s, rmw enabled
[   49.519769] raid6: using ssse3x2 recovery algorithm
[   49.531999] xor: automatically using best checksumming function:
[   49.750129]    avx       : 22581.000 MB/sec
[   49.879774] async_tx: api initialized (async)
[   50.095090] md: raid6 personality registered for level 6
[   50.359082] md: raid5 personality registered for level 5
[   50.919151] md: raid4 personality registered for level 4
[   51.503443] md: raid10 personality registered for level 10
done.
Begin: Running[   52.043026] Btrfs loaded
 /scripts/init-premount ... done.
Begin: Mounting root file sys[   52.338187] EXT4-fs (sda1): mounted filesystem with ordered data mode. Opts: (null)
tem ... Begin: Running /scripts/local-top ... done.
Begin: Running /scripts/local-premount ... Scanning for Btrfs filesystems
done.
Warning: fsck not present, so skipping root file system
done.
Begin: Running /scripts/local-bottom ... done.
Begin: Running /scripts/init-bottom ... done.
[   52.627501] systemd[1]: systemd 229 running in system mode. (+PAM +AUDIT +SELINUX +IMA +APPARMOR +SMACK +SYSVINIT +UTMP +LIBCRYPTSETUP +GCRYPT +GNUTLS +ACL +XZ -LZ4 +SECCOMP +BLKID +ELFUTILS +KMOD -IDN)
[   53.161923] systemd[1]: Detected virtualization oracle.
[   53.316819] systemd[1]: Detected architecture x86-64.

Welcome to [1mUbuntu 16.04.5 LTS[0m!

[   53.503041] systemd[1]: Set hostname to <ubuntu>.
[   53.645593] systemd[1]: Initializing machine ID from random generator.
[   53.845473] systemd[1]: Installed transient /etc/machine-id file.
[   54.091865] random: nonblocking pool is initialized
[   54.287681] systemd[1]: Reached target Encrypted Volumes.
[[0;32m  OK  [0m] Reached target Encrypted Volumes.
[   54.510947] systemd[1]: Created slice System Slice.
[[0;32m  OK  [0m] Created slice System Slice.
[   54.694680] systemd[1]: Created slice system-serial\x2dgetty.slice.
[[0;32m  OK  [0m] Created slice system-serial\x2dgetty.slice.
[   54.934597] systemd[1]: Started Trigger resolvconf update for networkd DNS.
[[0;32m  OK  [0m] Started Trigger resolvconf update for networkd DNS.
[   55.179443] systemd[1]: Reached target User and Group Name Lookups.
[[0;32m  OK  [0m] Reached target User and Group Name Lookups.
[   55.214306] systemd[1]: Listening on udev Control Socket.
[[0;32m  OK  [0m] Listening on udev Control Socket.
[   55.418549] systemd[1]: Set up automount Arbitrary Executable File Formats File System Automount Point.
[[0;32m  OK  [0m] Set up automount Arbitrary Executab...ats File System Automount Point.
[   55.774685] systemd[1]: Listening on /dev/initctl Compatibility Named Pipe.
[[0;32m  OK  [0m] Listening on /dev/initctl Compatibility Named Pipe.
[   56.055050] systemd[1]: Created slice User and Session Slice.
[[0;32m  OK  [0m] Created slice User and Session Slice.
[   56.258803] systemd[1]: Listening on Journal Socket.
[[0;32m  OK  [0m] Listening on Journal Socket.
[   56.450361] systemd[1]: Starting Remount Root and Kernel File Systems...
         [   56.656406] EXT4-fs (sda1): re-mounted. Opts: (null)
Starting Remount Root and Kernel File Systems...
[   56.866549] systemd[1]: Starting Uncomplicated firewall...
         Starting Uncomplicated firewall...
[   57.074401] systemd[1]: Starting Create list of required static device nodes for the current kernel...
         Starting Create list of required st... nodes for the current kernel...
[   57.426707] systemd[1]: Mounting POSIX Message Queue File System...
         Mounting POSIX Message Queue File System...
[   57.649911] systemd[1]: Mounting Debug File System...
         Mounting Debug File System...
[   57.810417] systemd[1]: Starting Set console keymap...
         Starting Set console keymap...
[   58.006498] systemd[1]: Reached target Swap.
[[0;32m  OK  [0m] Reached target Swap.
[   58.158378] systemd[1]: Starting Nameserver information manager...
         Starting Nameserver information manager...
[   58.374316] systemd[1]: Listening on LVM2 metadata daemon socket.
[[0;32m  OK  [0m] Listening on LVM2 metadata daemon socket.
[   58.376154] systemd[1]: Started Forward Password Requests to Wall Directory Watch.
[[0;32m  OK  [0m] Started Forward Password Requests to Wall Directory Watch.
[   58.384524] systemd[1]: Listening on Device-mapper event daemon FIFOs.
[[0;32m  OK  [0m] Listening on Device-mapper event daemon FIFOs.
[   58.418411] systemd[1]: Starting Monitoring of LVM2 mirrors, snapshots etc. using dmeventd or progress polling...
         Starting Monitoring of LVM2 mirrors... dmeventd or progress polling...
[   58.786967] systemd[1]: Listening on Journal Audit Socket.
[[0;32m  OK  [0m] Listening on Journal Audit Socket.
[   58.995495] systemd[1]: Reached target System Time Synchronized.
[[0;32m  OK  [0m] Reached target System Time Synchronized.
[   59.230578] systemd[1]: Listening on LVM2 poll daemon socket.
[[0;32m  OK  [0m] Listening on LVM2 poll daemon socket.
[   59.462238] systemd[1]: Mounting Huge Pages File System...
         Mounting Huge Pages File System...
[   59.678475] systemd[1]: Listening on Syslog Socket.
[[0;32m  OK  [0m] Listening on Syslog Socket.
[   59.862448] systemd[1]: Reached target Slices.
[[0;32m  OK  [0m] Reached target Slices.
[   60.046291] systemd[1]: Starting Load Kernel Modules...
         [   60.192268] Loading iSCSI transport class v2.0-870.
Starting Load Kernel Modules...
[   60.510198] systemd[1]: Listening on udev Kernel Socket.
[[0;32m  OK  [0m] Listening on udev Kernel Socket.
[   60.511984] systemd[1]: Listening on Journal Socket (/dev/log).
[[0;32m  OK  [0m] Listening on Journal Socket (/dev/log).
[   61.008691] systemd[1]: Starting Journal Service...
         [   61.010925] iscsi: registered transport (tcp)
Starting Journal Service...
[   61.211602] systemd[1]: Mounted POSIX Message Queue File System.
[[0;32m  OK  [0[   61.737442] iscsi: registered transport (iser)
m] Mounted POSIX Message Queue File System.
[   61.960156] systemd[1]: Mounted Debug File System.
[[0;32m  OK  [0m] Mounted Debug File System.
[   61.961677] systemd[1]: Mounted Huge Pages File System.
[[0;32m  OK  [0m] Mounted Huge Pages File System.
[   61.963330] systemd[1]: Started Journal Service.
[[0;32m  OK  [0m] Started Journal Service.
[[0;32m  OK  [0m] Started Remount Root and Kernel File Systems.
[[0;32m  OK  [0m] Started Uncomplicated firewall.
[[0;32m  OK  [0m] Started Create list of required sta...ce nodes for the current kernel.
[[0;32m  OK  [0m] Started Set console keymap.
[[0;32m  OK  [0m] Started Load Kernel Modules.
[[0;32m  OK  [0m] Started Nameserver information manager.
[[0;32m  OK  [0m] Started LVM2 metadata daemon.
         Starting Apply Kernel Variables...
         Mounting FUSE Control File System...
         Starting Create Static Device Nodes in /dev...
         Starting udev Coldplug all Devices...
         Starting Load/Save Random Seed...
         Starting Flush Journal to Persistent Storage...
[[0;32m  OK  [0m] Mounted FUSE Control File System.
[[0;32m  OK  [0m] Started Monitoring of LVM2 mirrors,...ng dmeventd or progress polling.
[[0;32m  OK  [0m] Started Apply Kernel Variables.
[[0;32m  OK  [0m] Started Create Static Device Nodes in /dev.
[[0;32m  OK  [0m] Started Load/Save Random Seed.
[[0;32m  OK  [0m] Started udev Coldplug all Devices.
[[0;32m  OK  [0m] Started Flush Journal to Persistent Storage.
         Starting udev Kernel Device Manager...
[[0;32m  OK  [0m] Reached target Local File Systems (Pre).
[[0;32m  OK  [0m] Reached target Local File Systems.
         Starting Create Volatile Files and Directories...
         Starting Tell Plymouth To Write Out Runtime Data...
         Starting Commit a transient machine-id on disk...
         Starting Initial cloud-init job (pre-networking)...
         Starting LSB: AppArmor initialization...
         Starting Set console font and keymap...
[[0;32m  OK  [0m] Started udev Kernel Device Manager.
[[0;32m  OK  [0m] Started Create Volatile Files and Directories.
[[0;32m  OK  [0m] Started Tell Plymouth To Write Out Runtime Data.
[[0;32m  OK  [0m] Started Commit a transient machine-id on disk.
[[0;32m  OK  [0m] Started Set console font and keymap.
[[0;32m  OK  [0m] Found device /dev/ttyS0.
[[0;32m  OK  [0m] Listening on Load/Save RF Kill Switch Status /dev/rfkill Watch.
[[0;32m  OK  [0m] Created slice system-getty.slice.
         Starting Update UTMP about System Boot/Shutdown...
[[   35.305450] cloud-init[599]: Cloud-init v. 18.4-0ubuntu1~16.04.2 running 'init-local' at Sat, 01 Dec 2018 11:14:23 +0000. Up 35.03 seconds.
[0;32m  OK  [0m] Started Dispatch Password Requests to Console Directory Watch.
[[0;32m  OK  [0m] Started LSB: AppArmor initialization.
[[0;32m  OK  [0m] Started Initial cloud-init job (pre-networking).
[[0;32m  OK  [0m] Started Update UTMP about System Boot/Shutdown.
[[0;32m  OK  [0m] Reached target Network (Pre).
         Starting Raise network interfaces...
[[0;32m  OK  [0m] Started Raise network interfaces.
[[0;32m  OK  [0m] Reached target Network.
         Starting Initial cloud-init job (metadata service crawler)...
[   36.841463] cloud-init[920]: Cloud-init v. 18.4-0ubuntu1~16.04.2 running 'init' at Sat, 01 Dec 2018 11:14:25 +0000. Up 36.34 seconds.
[[0;32m  OK  [0m] Started Initial cloud-init job (metadata service crawler).
[[0;32m  OK  [0m] Reached target Network is Online.
[   36.979974] cloud-init[920]: ci-info: +++++++++++++++++++++++++++++++++++++Net device info++++++++++++++++++++++++++++++++++++++
[   37.136897]          cloud-initStarting iSCSI initiator daemon (iscsid)...[920]: 
ci-info: +--------+------+---------------------------+---------------+--------+-------------------+
[   37.244884] [cloud-init[0;32m  OK  [0m[920]: ] ci-info: | Device |  Up  |          Address          |      Mask     | Scope  |     Hw-Address    |Reached target Cloud-config availability.

[[0;32m  OK  [0m] Reached target System Initialization.
[   37.246189] cloud-init[920]: ci-info: +--------+------+---------------------------+---------------+--------+-------------------+
         Starting Socket activation for snappy daemon.
[   37.358741] cloud-init[920]: ci-info: | enp0s3 | True |         10.0.2.15         | 255.255.255.0 | global | 02:8f:0a:cd:38:b7 |
[   37.557018] [cloud-init[0;32m  OK  [0m[920]: ] ci-info: | enp0s3 | True | fe80::8f:aff:fecd:38b7/64 |       .       |  link  | 02:8f:0a:cd:38:b7 |Started ACPI Events Check.

[[0;32m  OK  [0m] Reached target Paths.
[[0;32m  OK  [0m] Started Daily Cleanup of Temporary Directories.
[   37.558343] cloud-init[920]: ci-info: |   lo   | True |         127.0.0.1         |   255.0.0.0   |  host  |         .         |
[   37.844395] [cloud-init[0;32m  OK  [0m[920]: ] ci-info: |   lo   | True |          ::1/128          |       .       |  host  |         .         |Listening on UUID daemon activation socket.

[[0;32m  OK  [0m] Listening on ACPID Listen Socket.
[   37.844762] cloud-init[920]:          Starting LXD - unix socket.
[[0;32m  OK  [0m] Listening on D-Bus System Message Bus Socket.
[[0;32m  OK  [0m] Started Daily apt download activities.
[[0;32m  OK  [0m] Started Daily apt upgrade and clean activities.
[[0;32m  OK  [0m] Reached target Timers.
ci-info: +--------+------+---------------------------+---------------+--------+-------------------+
[   37.893727] [cloud-init[0;32m  OK  [0m[920]: ] ci-info: +++++++++++++++++++++++++++Route IPv4 info++++++++++++++++++++++++++++Listening on Socket activation for snappy daemon.

[[0;32m  OK  [0m] Listening on LXD - unix socket.
[   37.894074] cloud-init[920]: ci-info: +-------+-------------+----------+---------------+-----------+-------+
[   38.120909] [cloud-init[0;32m  OK  [0m[920]: ] ci-info: | Route | Destination | Gateway  |    Genmask    | Interface | Flags |Started iSCSI initiator daemon (iscsid).

[   38.122246] cloud-init[920]: ci-info: +-------+-------------+----------+---------------+-----------+-------+
[   38.316916]          cloud-initStarting Login to default iSCSI targets...[920]: 
ci-info: |   0   |   0.0.0.0   | 10.0.2.2 |    0.0.0.0    |   enp0s3  |   UG  |
[   38.445044] [cloud-init[0;32m  OK  [0m[920]: ] ci-info: |   1   |   10.0.2.0  | 0.0.0.0  | 255.255.255.0 |   enp0s3  |   U   |Reached target Sockets.

[[0;32m  OK  [0m] Reached target Basic System.
[   38.446376] cloud-init[920]: ci-info: +-------+-------------+----------+---------------+-----------+-------+
[   38.660794] [cloud-init[0;32m  OK  [0m[920]: ] ci-info: +++++++++++++++++++Route IPv6 info+++++++++++++++++++Started Regular background program processing daemon.

[   38.662126] cloud-init[920]: ci-info: +-------+-------------+---------+-----------+-------+
[   38.821722]          cloud-initStarting /etc/rc.local Compatibility...[920]: 
ci-info: | Route | Destination | Gateway | Interface | Flags |
[   38.928381] [cloud-init[0;32m  OK  [0m[920]: ] ci-info: +-------+-------------+---------+-----------+-------+Started Unattended Upgrades Shutdown.

[   38.928893] cloud-init[920]: ci-info: |   0   |  fe80::/64  |    ::   |   enp0s3  |   U   |
[   38.974692] cloud-init[920]: ci-info: |   3   |   ff00::/8  |    ::   |   enp0s3  |   U   |
[   38.976779] cloud-init[920]: ci-info: +-------+-------------+---------+-----------+-------+
[   38.984730] cloud-init[920]: Generating public/private rsa key pair.
         Starting Accounts Service...
[   39.035476] cloud-init[920]: Your identification has been saved in /etc/ssh/ssh_host_rsa_key.
         Starting LXD - container startup/shutdown...
[   39.135520] cloud-init[920]: Your public key has been saved in /etc/ssh/ssh_host_rsa_key.pub.
[   39.245266] [cloud-init[0;32m  OK  [0m[920]: ] The key fingerprint is:Started FUSE filesystem for LXC.

[   39.246521] cloud-init[920]: SHA256:iB2AxrW9W5/L6x3wb/Yy31z2omKH4PRPHIJAdrflyhU root@ubuntu-xenial
[   39.388803]          cloud-initStarting System Logging Service...[920]: 
The key's randomart image is:
[   39.457017] [cloud-init[0;32m  OK  [0m[920]: ] +---[RSA 2048]----+Started D-Bus System Message Bus.

[   39.458604] cloud-init[920]: | . oo o . . E    |
[   39.533086]          cloud-initStarting LSB: MD monitoring daemon...[920]: 
|  +  * . . + .   |
[   39.596999]          cloud-initStarting Snappy daemon...[920]: 
| .  . +   . o    |
[   39.666403]          cloud-initStarting Login Service...[920]: 
|     o = o o     |
[   39.720931] [cloud-init[0;32m  OK  [0m[920]: ] |    . + S = .    |Started ACPI event daemon.

[   39.722285] cloud-init[920]: |       oo. * .   |
[   39.738674] cloud-init[920]: |      .o oo.=   o|
[   39.742692] cloud-init[920]: |        ..=+.o*o+|
[   39.799226] [[0;32m  OK  [0m] Started Deferred execution scheduler.
cloud-init[920]: |         o==++.**|
[   39.880117] cloud-init[920]: +----[SHA256]-----+
[   39.880302] cloud-init[920]: Generating public/private dsa key pair.
         Starting Pollinate to seed the pseudo random number generator...
[   39.880403] cloud-init[920]: Your identification has been saved in /etc/ssh/ssh_host_dsa_key.
[   40.085960] cloud-init[920]: Your public key has been saved in /etc/ssh/ssh_host_dsa_key.pub.
[   40.086215] cloud-init[920]: The key fingerprint is:
[   40.086346] cloud-init[920]: SHA256:UaIR9C23W0ExpTF7xlRIZF5P8kmgnw2KtNo1vszbd4s root@ubuntu-xenial
[   40.086478] cloud-init[920]: The key's randomart image is:
[   40.086610] cloud-init[920]: +---[DSA 1024]----+
[   40.086743] cloud-init[920]: |     .+.. . **O++|
[   40.086874] cloud-init[920]: |       + + ..@o=o|
[   40.087006] cloud-init[920]: |      . +.o.+.=.o|
[   40.087139] cloud-init[920]: |        .+o.o++  |
[   40.087272] cloud-init[920]: |        So.+.o . |
[   40.087411] cloud-init[920]: |        o oo.    |
[   40.087538] cloud-init[920]: |       . ...     |
[   40.087667] cloud-init[920]: |          o o ...|
[   40.087800] cloud-init[920]: |           =.E..o|
[   40.087932] cloud-init[920]: +----[SHA256]-----+
[   40.088206] cloud-init[920]: Generating public/private ecdsa key pair.
         Starting Virtualbox guest utils...
[   40.088345] cloud-init[920]: Your identification has been saved in /etc/ssh/ssh_host_ecdsa_key.
[   40.146919] cloud-init[920]: Your public key has been saved in /etc/ssh/ssh_host_ecdsa_key.pub.
[   40.152244] cloud-init[920]: The key fingerprint is:
[   40.155165] cloud-init[920]: SHA256:H0d/5wxo82Y+bmN1XJRvWdid8ZVA2q2mdW0Ye+2DIRE root@ubuntu-xenial
         Starting LSB: Record successful boot for GRUB...
[[0;32m  OK  [0m] Started System Logging Service.
[[0;32m  OK  [0m] Started Snappy daemon.
[[0;32m  OK  [0m] Started /etc/rc.local Compatibility.
[   40.165053] cloud-init[920]: The key's randomart image is:
[   40.189055] cloud-init[920]: +---[ECDSA 256]---+
[   40.189368] cloud-init[920]: |           E.o.+B|
[   40.189616] cloud-init[920]: |            + o+B|
[   40.189881] cloud-init[920]: |           o...o=|
[   40.190147] cloud-init[920]: |           ..o.=*|
[   40.190416] cloud-init[920]: |        S ..===+O|
[   40.190685] cloud-init[920]: |         . +=o+O=|
[   40.190950] cloud-init[920]: |          .. .+o=|
[   40.191223] cloud-init[920]: |             += .|
[   40.191486] cloud-init[920]: |             +oo |
[   40.191758] cloud-init[920]: +----[SHA256]-----+
[[0;32m  OK  [0m] Started LXD - container startup/shutdown.
[   40.192286] cloud-init[920]: Generating public/private ed25519 key pair.
[   40.308213] cloud-init[920]: Your identification has been saved in /etc/ssh/ssh_host_ed25519_key.
[[0;32m  OK  [0m] Started Login to default iSCSI targets.
[   40.393631] cloud-init[920]: Your public key has been saved in /etc/ssh/ssh_host_ed25519_key.pub.
[   40.532709] [cloud-init[0;32m  OK  [0m[920]: ] The key fingerprint is:Started LSB: MD monitoring daemon.

[   40.533665] cloud-init[920]: SHA256:WWvNR6ShIeZvDm/TRa7lTFh4mQFyXQBszxQWSqqUAJQ root@ubuntu-xenial
[   40.684096] [cloud-init[0;32m  OK  [0m[920]: ] The key's randomart image is:Started LSB: Record successful boot for GRUB.

[   40.684415] cloud-init[920]: +--[ED25519 256]--+
[   40.720498] [cloud-init[0;32m  OK  [0m[920]: ] |   .oo. o o.*+B=.|Started Pollinate to seed the pseudo random number generator.

[[0;32m  OK  [0m] Started Virtualbox guest utils.
[   40.721035] cloud-init[920]: |    E  + o BoBo+ |
[   40.743624] cloud-init[920]: |        + +.++B  |
[   40.760815] cloud-init[920]: |       . = + Bo  |
[   40.812526] cloud-init[920]: |        S = + *  |
[   40.813208] cloud-init[920]: |         * . O   |
         Starting Authenticate and Authorize Users to Run Privileged Tasks...
[   40.813567] cloud-init[920]: |          = o o  |
[   40.961941] cloud-init[920]: |         . .     |
         Starting OpenBSD Secure Shell server...
[[   40.964345] cloud-init[920]: |                 |
[0;32m  OK  [0m] Reached target Remote File Systems (Pre).
[[   41.010362] cloud-init[920]: +----[SHA256]-----+
[0;32m  OK  [0m] Reached target Remote File Systems.
         Starting LSB: Set the CPU Frequency Scaling governor to "ondemand"...
         Starting LSB: daemon to balance interrupts for SMP systems...
         Starting LSB: automatic crash report generation...
         Starting Permit User Sessions...
         Starting Wait until snapd is fully seeded...
[[0;32m  OK  [0m] Started Permit User Sessions.
[[0;32m  OK  [0m] Started OpenBSD Secure Shell server.
[[0;32m  OK  [0m] Started Login Service.
[[0;32m  OK  [0m] Started Authenticate and Authorize Users to Run Privileged Tasks.
[[0;32m  OK  [0m] Started Accounts Service.
[[0;32m  OK  [0m] Started LSB: Set the CPU Frequency Scaling governor to "ondemand".
         Starting Hold until boot process finishes up...
         Starting Terminate Plymouth Boot Screen...
[[0;32m  OK  [0m] Started LSB: daemon to balance interrupts for SMP systems.
[[0;32m  OK  [0m] Started LSB: automatic crash report generation.
[[0;32m  OK  [0m] Started Hold until boot process finishes up.
[[0;32m  OK  [0m] Started Terminate Plymouth Boot Screen.
[[0;32m  OK  [0m] Started Getty on tty1.
         Starting Set console scheme...
[[0;32m  OK  [0m] Started Serial Getty on ttyS0.
[[0;32m  OK  [0m] Reached target Login Prompts.
[[0;32m  OK  [0m] Started Set console scheme.
[[0;32m  OK  [0m] Created slice User Slice of vagrant.
         Starting User Manager for UID 1000...
[[0;32m  OK  [0m] Started Session 1 of user vagrant.
[[0;32m  OK  [0m] Started User Manager for UID 1000.
[[0;32m  OK  [0m] Started Wait until snapd is fully seeded.
         Starting Apply the settings specified in cloud-config...
[[0;32m  OK  [0m] Reached target Multi-User System.
[[0;32m  OK  [0m] Reached target Graphical Interface.
         Starting Update UTMP about System Runlevel Changes...
[[0;32m  OK  [0m] Started Update UTMP about System Runlevel Changes.
[   45.224399] cloud-init[1330]: Generating locales (this might take a while)...
         Stopping User Manager for UID 1000...
[[0;32m  OK  [0m] Stopped User Manager for UID 1000.
[[0;32m  OK  [0m] Removed slice User Slice of vagrant.
[   45.798531] cloud-init[1330]:   en_US.UTF-8... done
[   45.836571] cloud-init[1330]: Generation complete.
[[0;32m  OK  [0m] Created slice User Slice of vagrant.
         Starting User Manager for UID 1000...
[[0;32m  OK  [0m] Started User Manager for UID 1000.
[   46.061842] cloud-init[1330]: Cloud-init v. 18.4-0ubuntu1~16.04.2 running 'modules:config' at Sat, 01 Dec 2018 11:14:33 +0000. Up 45.14 seconds.
[[0;32m  OK  [0m] Started Apply the settings specified in cloud-config.
[[0;32m  OK  [0m] Started Session 2 of user vagrant.
         Starting Execute cloud user/final scripts...
ci-info: no authorized ssh keys fingerprints found for user ubuntu.
<14>Dec  1 11:14:35 ec2: 
<14>Dec  1 11:14:35 ec2: #############################################################
<14>Dec  1 11:14:35 ec2: -----BEGIN SSH HOST KEY FINGERPRINTS-----
<14>Dec  1 11:14:35 ec2: 1024 SHA256:UaIR9C23W0ExpTF7xlRIZF5P8kmgnw2KtNo1vszbd4s root@ubuntu-xenial (DSA)
<14>Dec  1 11:14:35 ec2: 256 SHA256:H0d/5wxo82Y+bmN1XJRvWdid8ZVA2q2mdW0Ye+2DIRE root@ubuntu-xenial (ECDSA)
<14>Dec  1 11:14:35 ec2: 256 SHA256:WWvNR6ShIeZvDm/TRa7lTFh4mQFyXQBszxQWSqqUAJQ root@ubuntu-xenial (ED25519)
<14>Dec  1 11:14:35 ec2: 2048 SHA256:iB2AxrW9W5/L6x3wb/Yy31z2omKH4PRPHIJAdrflyhU root@ubuntu-xenial (RSA)
<14>Dec  1 11:14:35 ec2: -----END SSH HOST KEY FINGERPRINTS-----
<14>Dec  1 11:14:35 ec2: #############################################################
-----BEGIN SSH HOST KEY KEYS-----
ecdsa-sha2-nistp256 AAAAE2VjZHNhLXNoYTItbmlzdHAyNTYAAAAIbmlzdHAyNTYAAABBBDoKMaEMy8rDcg5edJ5Ab0cblb1JpnVsWOGDUzu3WbyuXRgyORxxV/pkp0fu7GYw1DaTb9F1PZdicHUQ73pezJM= root@ubuntu-xenial
ssh-ed25519 AAAAC3NzaC1lZDI1NTE5AAAAIMEPmKyBvcwVu9aJO7Uoe7yHeuii4eKW/x7cZM482stg root@ubuntu-xenial
ssh-rsa AAAAB3NzaC1yc2EAAAADAQABAAABAQCff7ef4TkXAx6dHzlEOYP9db5NMfNpA5Q57prHIiss/BE2MwNq8yjodsl1/p6HD+hrp4c2MIxWN66D5f1ntR1CcwOFWfT+4jLAPd432T2saD5+1S+C/Mqaeoo8Qgz1yqFgG/00KKhuZIu64OdL8TGFyByuysE2g1zrwe3hd6Zd+aRN8xpLht4AIFhA9STfaKRzspnz/WQ2fLsk5Er4gXh2lPfIhmK4wC5FnCqSzdBt9KstVLFUCaBIs6tzGTmd2uyU3PXm9X4Gh4sPsbFJ6x8uTPRcc9U6qzyX+SvHbfGoqli+E3d977DqjaUOoAvcZ9jpUF8d+2m9r/MBQJSapv/n root@ubuntu-xenial
-----END SSH HOST KEY KEYS-----
[   47.080592] cloud-init[1437]: Cloud-init v. 18.4-0ubuntu1~16.04.2 running 'modules:final' at Sat, 01 Dec 2018 11:14:35 +0000. Up 46.51 seconds.
[   47.232790] cloud-init[1437]: ci-info: no authorized ssh keys fingerprints found for user ubuntu.
[   47.233657] cloud-init[1437]: Cloud-init v. 18.4-0ubuntu1~16.04.2 finished at Sat, 01 Dec 2018 11:14:35 +0000. Datasource DataSourceNoCloud [seed=/dev/sdb][dsmode=net].  Up 47.06 seconds

Ubuntu 16.04.5 LTS ubuntu-xenial ttyS0

ubuntu-xenial login: 